[ 2017-03-13T08:56:49+08:00 ] 127.0.0.1 /liuliu3/app.php/Class/ajaxGetTeacherClassInfo
INFO: [ route_check ] --START--
INFO: Run CheckRoute Behavior [ RunTime:0.000499s ]
INFO: [ route_check ] --END-- [ RunTime:0.000570s ]
NOTIC: [8192] preg_replace(): The /e modifier is deprecated, use preg_replace_callback instead /opt/lampp/htdocs/liuliu3/ThinkPHP/Lib/Core/Dispatcher.class.php 第 120 行.
INFO: [ app_begin ] --START--
INFO: Run ReadHtmlCache Behavior [ RunTime:0.000322s ]
INFO: [ app_begin ] --END-- [ RunTime:0.000363s ]
NOTIC: [8192] mysql_connect(): The mysql extension is deprecated and will be removed in the future: use mysqli or PDO instead /opt/lampp/htdocs/liuliu3/ThinkPHP/Lib/Driver/Db/DbMysql.class.php 第 55 行.
SQL: SHOW COLUMNS FROM `tp_systemset` [ RunTime:0.000887s ]
NOTIC: [8192] preg_replace(): The /e modifier is deprecated, use preg_replace_callback instead /opt/lampp/htdocs/liuliu3/ThinkPHP/Lib/Core/Db.class.php 第 568 行.
SQL: SELECT * FROM `tp_systemset`  [ RunTime:0.000184s ]

[ 2017-03-13T08:56:49+08:00 ] 127.0.0.1 /liuliu3/app.php/Class/ajaxGetTeacherClassInfo
SQL: SHOW COLUMNS FROM `tp_systemset` [ RunTime:0.000494s ]
NOTIC: [8192] preg_replace(): The /e modifier is deprecated, use preg_replace_callback instead /opt/lampp/htdocs/liuliu3/ThinkPHP/Lib/Core/Db.class.php 第 568 行.
SQL: SELECT * FROM `tp_systemset`  [ RunTime:0.000121s ]

[ 2017-03-13T08:56:49+08:00 ] 127.0.0.1 /liuliu3/app.php/Class/ajaxGetTeacherClassInfo
SQL: SHOW COLUMNS FROM `tp_class` [ RunTime:0.000436s ]
NOTIC: [8192] preg_replace(): The /e modifier is deprecated, use preg_replace_callback instead /opt/lampp/htdocs/liuliu3/ThinkPHP/Lib/Core/Db.class.php 第 568 行.
SQL: SELECT `classID`,FROM_UNIXTIME(classStartTime,"%Y-%m-%d %H:%i:%S") as "start_time",case when classType=0 then "正常课程"
			when classType=1 then "试听课"
			when classType=2 then "一对多" end "class_type" FROM `tp_class` WHERE ( teacherID=7 and 1489373809<classStartTime and isSelected=0 and isdelete=0 )  [ RunTime:0.000420s ]

[ 2017-03-13T08:56:49+08:00 ] 127.0.0.1 /liuliu3/app.php/OrderPackage/ajaxGetStuOrderPackageInfo
INFO: [ route_check ] --START--
INFO: Run CheckRoute Behavior [ RunTime:0.000497s ]
INFO: [ route_check ] --END-- [ RunTime:0.000571s ]
NOTIC: [8192] preg_replace(): The /e modifier is deprecated, use preg_replace_callback instead /opt/lampp/htdocs/liuliu3/ThinkPHP/Lib/Core/Dispatcher.class.php 第 120 行.
INFO: [ app_begin ] --START--
INFO: Run ReadHtmlCache Behavior [ RunTime:0.000307s ]
INFO: [ app_begin ] --END-- [ RunTime:0.000346s ]
NOTIC: [8192] mysql_connect(): The mysql extension is deprecated and will be removed in the future: use mysqli or PDO instead /opt/lampp/htdocs/liuliu3/ThinkPHP/Lib/Driver/Db/DbMysql.class.php 第 55 行.
SQL: select
			 tp_orderpackage.orderpackageID,tp_orderpackage.classNumber,
			 tp_orderpackage.packageType,tp_orderpackage.classType,tp_orderpackage.otherClass,
			 tp_packageconfig.packageName
			 from tp_orderpackage
			 inner join tp_teoneclasssalary on tp_teoneclasssalary.teacherID=7
			 and tp_teoneclasssalary.teacherType=tp_orderpackage.teacherType and classType=0
			 and tp_teoneclasssalary.scategory=tp_orderpackage.category and
			 tp_teoneclasssalary.isLastest=1 and tp_orderpackage.status=1
			 inner join tp_packageconfig on tp_packageconfig.packageconID=tp_orderpackage.category
			 and tp_orderpackage.studentID = 1 [ RunTime:0.000655s ]
SQL: SHOW COLUMNS FROM `tp_oneorderclass` [ RunTime:0.000751s ]
NOTIC: [8192] preg_replace(): The /e modifier is deprecated, use preg_replace_callback instead /opt/lampp/htdocs/liuliu3/ThinkPHP/Lib/Core/Db.class.php 第 568 行.
SQL: SELECT COUNT(tp_oneorderclass.classStatus=0 or tp_oneorderclass.classStatus=1 or null) AS tp_count FROM `tp_oneorderclass` inner join tp_orderpackage on
				 tp_oneorderclass.orderpackageID=tp_orderpackage.orderpackageID
				  and tp_orderpackage.status=1 and tp_orderpackage.orderpackageID=1 LIMIT 1   [ RunTime:0.000228s ]
SQL: SHOW COLUMNS FROM `tp_oneorderclass` [ RunTime:0.000527s ]
NOTIC: [8192] preg_replace(): The /e modifier is deprecated, use preg_replace_callback instead /opt/lampp/htdocs/liuliu3/ThinkPHP/Lib/Core/Db.class.php 第 568 行.
SQL: SELECT COUNT(tp_oneorderclass.classStatus=0 or tp_oneorderclass.classStatus=1 or null) AS tp_count FROM `tp_oneorderclass` inner join tp_orderpackage on
				 tp_oneorderclass.orderpackageID=tp_orderpackage.orderpackageID
				  and tp_orderpackage.status=1 and tp_orderpackage.orderpackageID=15 LIMIT 1   [ RunTime:0.000171s ]
SQL: SHOW COLUMNS FROM `tp_orderpackage` [ RunTime:0.000593s ]
NOTIC: [8192] preg_replace(): The /e modifier is deprecated, use preg_replace_callback instead /opt/lampp/htdocs/liuliu3/ThinkPHP/Lib/Core/Db.class.php 第 568 行.
SQL: SELECT `endTime`,`startTime`,`time` FROM `tp_orderpackage` WHERE ( orderpackageID=28 )  [ RunTime:0.000130s ]

