[ 2017-03-01T23:13:08+08:00 ] 0.0.0.0 /liuliu3/app.php/OrderPackage/OrderPackageManage/type/delay
INFO: [ route_check ] --START--
INFO: Run CheckRoute Behavior [ RunTime:0.000521s ]
INFO: [ route_check ] --END-- [ RunTime:0.000590s ]
NOTIC: [8192] preg_replace(): The /e modifier is deprecated, use preg_replace_callback instead /opt/lampp/htdocs/liuliu3/ThinkPHP/Lib/Core/Dispatcher.class.php 第 120 行.
INFO: [ app_begin ] --START--
INFO: Run ReadHtmlCache Behavior [ RunTime:0.000314s ]
INFO: [ app_begin ] --END-- [ RunTime:0.000357s ]
NOTIC: [8] Undefined variable: postData /opt/lampp/htdocs/liuliu3/Home/Lib/Action/OrderPackage/OrderPackageBasicService.class.php 第 245 行.

[ 2017-03-01T23:13:50+08:00 ] 0.0.0.0 /liuliu3/app.php/OrderPackage/OrderPackageManage/type/delay
INFO: [ route_check ] --START--
INFO: Run CheckRoute Behavior [ RunTime:0.000575s ]
INFO: [ route_check ] --END-- [ RunTime:0.000651s ]
NOTIC: [8192] preg_replace(): The /e modifier is deprecated, use preg_replace_callback instead /opt/lampp/htdocs/liuliu3/ThinkPHP/Lib/Core/Dispatcher.class.php 第 120 行.
INFO: [ app_begin ] --START--
INFO: Run ReadHtmlCache Behavior [ RunTime:0.000339s ]
INFO: [ app_begin ] --END-- [ RunTime:0.000383s ]
NOTIC: [8] Undefined variable: postData /opt/lampp/htdocs/liuliu3/Home/Lib/Action/OrderPackage/OrderPackageBasicService.class.php 第 245 行.

[ 2017-03-01T23:15:07+08:00 ] 0.0.0.0 /liuliu3/app.php/OrderPackage/OrderPackageManage/type/delay
INFO: [ route_check ] --START--
INFO: Run CheckRoute Behavior [ RunTime:0.000562s ]
INFO: [ route_check ] --END-- [ RunTime:0.000636s ]
NOTIC: [8192] preg_replace(): The /e modifier is deprecated, use preg_replace_callback instead /opt/lampp/htdocs/liuliu3/ThinkPHP/Lib/Core/Dispatcher.class.php 第 120 行.
INFO: [ app_begin ] --START--
INFO: Run ReadHtmlCache Behavior [ RunTime:0.000371s ]
INFO: [ app_begin ] --END-- [ RunTime:0.000423s ]

[ 2017-03-01T23:15:24+08:00 ] 0.0.0.0 /liuliu3/app.php/OrderPackage/OrderPackageManage/type/delay
INFO: [ route_check ] --START--
INFO: Run CheckRoute Behavior [ RunTime:0.000509s ]
INFO: [ route_check ] --END-- [ RunTime:0.000577s ]
NOTIC: [8192] preg_replace(): The /e modifier is deprecated, use preg_replace_callback instead /opt/lampp/htdocs/liuliu3/ThinkPHP/Lib/Core/Dispatcher.class.php 第 120 行.
INFO: [ app_begin ] --START--
INFO: Run ReadHtmlCache Behavior [ RunTime:0.000317s ]
INFO: [ app_begin ] --END-- [ RunTime:0.000359s ]

[ 2017-03-01T23:15:27+08:00 ] ERR: (ThinkException) 无法加载模块:Root
[ 2017-03-01T23:15:30+08:00 ] 0.0.0.0 /liuliu3/app.php/Package/studentPackageShow/user_id/1
INFO: [ route_check ] --START--
INFO: Run CheckRoute Behavior [ RunTime:0.000529s ]
INFO: [ route_check ] --END-- [ RunTime:0.000606s ]
NOTIC: [8192] preg_replace(): The /e modifier is deprecated, use preg_replace_callback instead /opt/lampp/htdocs/liuliu3/ThinkPHP/Lib/Core/Dispatcher.class.php 第 120 行.
INFO: [ app_begin ] --START--
INFO: Run ReadHtmlCache Behavior [ RunTime:0.000328s ]
INFO: [ app_begin ] --END-- [ RunTime:0.000371s ]
NOTIC: [8192] mysql_connect(): The mysql extension is deprecated and will be removed in the future: use mysqli or PDO instead /opt/lampp/htdocs/liuliu3/ThinkPHP/Lib/Driver/Db/DbMysql.class.php 第 55 行.
SQL: SHOW COLUMNS FROM `tp_orderpackage` [ RunTime:0.001343s ]
NOTIC: [8192] preg_replace(): The /e modifier is deprecated, use preg_replace_callback instead /opt/lampp/htdocs/liuliu3/ThinkPHP/Lib/Core/Db.class.php 第 568 行.
SQL: SELECT * FROM `tp_orderpackage`,`tp_packageconfig` WHERE ( tp_orderpackage.category = tp_packageconfig.packageconID
					and tp_orderpackage.studentID = 1 and status=1 )  [ RunTime:0.000534s ]
INFO: [ view_template ] --START--
INFO: Run LocationTemplate Behavior [ RunTime:0.000202s ]
INFO: [ view_template ] --END-- [ RunTime:0.000243s ]
INFO: [ view_parse ] --START--
NOTIC: [8192] preg_replace(): The /e modifier is deprecated, use preg_replace_callback instead /opt/lampp/htdocs/liuliu3/ThinkPHP/Lib/Template/ThinkTemplate.class.php 第 273 行.
NOTIC: [8192] preg_replace(): The /e modifier is deprecated, use preg_replace_callback instead /opt/lampp/htdocs/liuliu3/ThinkPHP/Lib/Template/ThinkTemplate.class.php 第 273 行.
NOTIC: [8192] preg_replace(): The /e modifier is deprecated, use preg_replace_callback instead /opt/lampp/htdocs/liuliu3/ThinkPHP/Lib/Template/ThinkTemplate.class.php 第 168 行.
NOTIC: [8192] preg_replace(): The /e modifier is deprecated, use preg_replace_callback instead /opt/lampp/htdocs/liuliu3/ThinkPHP/Lib/Template/ThinkTemplate.class.php 第 404 行.
NOTIC: [8192] preg_replace(): The /e modifier is deprecated, use preg_replace_callback instead /opt/lampp/htdocs/liuliu3/ThinkPHP/Lib/Template/ThinkTemplate.class.php 第 404 行.
NOTIC: [8192] preg_replace(): The /e modifier is deprecated, use preg_replace_callback instead /opt/lampp/htdocs/liuliu3/ThinkPHP/Lib/Template/ThinkTemplate.class.php 第 404 行.
NOTIC: [8192] preg_replace(): The /e modifier is deprecated, use preg_replace_callback instead /opt/lampp/htdocs/liuliu3/ThinkPHP/Lib/Template/ThinkTemplate.class.php 第 404 行.
NOTIC: [8192] preg_replace(): The /e modifier is deprecated, use preg_replace_callback instead /opt/lampp/htdocs/liuliu3/ThinkPHP/Lib/Template/ThinkTemplate.class.php 第 404 行.
NOTIC: [8192] preg_replace(): The /e modifier is deprecated, use preg_replace_callback instead /opt/lampp/htdocs/liuliu3/ThinkPHP/Lib/Template/ThinkTemplate.class.php 第 404 行.
NOTIC: [8192] preg_replace(): The /e modifier is deprecated, use preg_replace_callback instead /opt/lampp/htdocs/liuliu3/ThinkPHP/Lib/Template/ThinkTemplate.class.php 第 404 行.
NOTIC: [8192] preg_replace(): The /e modifier is deprecated, use preg_replace_callback instead /opt/lampp/htdocs/liuliu3/ThinkPHP/Lib/Template/ThinkTemplate.class.php 第 404 行.
NOTIC: [8192] preg_replace(): The /e modifier is deprecated, use preg_replace_callback instead /opt/lampp/htdocs/liuliu3/ThinkPHP/Lib/Template/ThinkTemplate.class.php 第 273 行.
NOTIC: [8192] preg_replace(): The /e modifier is deprecated, use preg_replace_callback instead /opt/lampp/htdocs/liuliu3/ThinkPHP/Lib/Template/ThinkTemplate.class.php 第 168 行.
NOTIC: [8192] preg_replace(): The /e modifier is deprecated, use preg_replace_callback instead /opt/lampp/htdocs/liuliu3/ThinkPHP/Lib/Template/ThinkTemplate.class.php 第 404 行.
NOTIC: [8192] preg_replace(): The /e modifier is deprecated, use preg_replace_callback instead /opt/lampp/htdocs/liuliu3/ThinkPHP/Lib/Template/ThinkTemplate.class.php 第 404 行.
NOTIC: [8192] preg_replace(): The /e modifier is deprecated, use preg_replace_callback instead /opt/lampp/htdocs/liuliu3/ThinkPHP/Lib/Template/ThinkTemplate.class.php 第 404 行.
NOTIC: [8192] preg_replace(): The /e modifier is deprecated, use preg_replace_callback instead /opt/lampp/htdocs/liuliu3/ThinkPHP/Lib/Template/ThinkTemplate.class.php 第 404 行.
NOTIC: [8192] preg_replace(): The /e modifier is deprecated, use preg_replace_callback instead /opt/lampp/htdocs/liuliu3/ThinkPHP/Lib/Template/ThinkTemplate.class.php 第 404 行.
NOTIC: [8192] preg_replace(): The /e modifier is deprecated, use preg_replace_callback instead /opt/lampp/htdocs/liuliu3/ThinkPHP/Lib/Template/ThinkTemplate.class.php 第 404 行.
NOTIC: [8192] preg_replace(): The /e modifier is deprecated, use preg_replace_callback instead /opt/lampp/htdocs/liuliu3/ThinkPHP/Lib/Template/ThinkTemplate.class.php 第 404 行.
NOTIC: [8192] preg_replace(): The /e modifier is deprecated, use preg_replace_callback instead /opt/lampp/htdocs/liuliu3/ThinkPHP/Lib/Template/ThinkTemplate.class.php 第 404 行.
NOTIC: [8192] preg_replace(): The /e modifier is deprecated, use preg_replace_callback instead /opt/lampp/htdocs/liuliu3/ThinkPHP/Lib/Template/ThinkTemplate.class.php 第 404 行.
NOTIC: [8192] preg_replace(): The /e modifier is deprecated, use preg_replace_callback instead /opt/lampp/htdocs/liuliu3/ThinkPHP/Lib/Template/ThinkTemplate.class.php 第 404 行.
NOTIC: [8192] preg_replace(): The /e modifier is deprecated, use preg_replace_callback instead /opt/lampp/htdocs/liuliu3/ThinkPHP/Lib/Template/ThinkTemplate.class.php 第 404 行.
NOTIC: [8192] preg_replace(): The /e modifier is deprecated, use preg_replace_callback instead /opt/lampp/htdocs/liuliu3/ThinkPHP/Lib/Template/ThinkTemplate.class.php 第 404 行.
NOTIC: [8192] preg_replace(): The /e modifier is deprecated, use preg_replace_callback instead /opt/lampp/htdocs/liuliu3/ThinkPHP/Lib/Template/ThinkTemplate.class.php 第 399 行.
NOTIC: [8192] preg_replace(): The /e modifier is deprecated, use preg_replace_callback instead /opt/lampp/htdocs/liuliu3/ThinkPHP/Lib/Template/ThinkTemplate.class.php 第 399 行.
NOTIC: [8192] preg_replace(): The /e modifier is deprecated, use preg_replace_callback instead /opt/lampp/htdocs/liuliu3/ThinkPHP/Lib/Template/ThinkTemplate.class.php 第 404 行.
NOTIC: [8192] preg_replace(): The /e modifier is deprecated, use preg_replace_callback instead /opt/lampp/htdocs/liuliu3/ThinkPHP/Lib/Template/ThinkTemplate.class.php 第 404 行.
NOTIC: [8192] preg_replace(): The /e modifier is deprecated, use preg_replace_callback instead /opt/lampp/htdocs/liuliu3/ThinkPHP/Lib/Template/ThinkTemplate.class.php 第 404 行.
NOTIC: [8192] preg_replace(): The /e modifier is deprecated, use preg_replace_callback instead /opt/lampp/htdocs/liuliu3/ThinkPHP/Lib/Template/ThinkTemplate.class.php 第 399 行.
NOTIC: [8192] preg_replace(): The /e modifier is deprecated, use preg_replace_callback instead /opt/lampp/htdocs/liuliu3/ThinkPHP/Lib/Template/ThinkTemplate.class.php 第 404 行.
NOTIC: [8192] preg_replace(): The /e modifier is deprecated, use preg_replace_callback instead /opt/lampp/htdocs/liuliu3/ThinkPHP/Lib/Template/ThinkTemplate.class.php 第 404 行.
NOTIC: [8192] preg_replace(): The /e modifier is deprecated, use preg_replace_callback instead /opt/lampp/htdocs/liuliu3/ThinkPHP/Lib/Template/ThinkTemplate.class.php 第 404 行.
NOTIC: [8192] preg_replace(): The /e modifier is deprecated, use preg_replace_callback instead /opt/lampp/htdocs/liuliu3/ThinkPHP/Lib/Template/ThinkTemplate.class.php 第 404 行.
NOTIC: [8192] preg_replace(): The /e modifier is deprecated, use preg_replace_callback instead /opt/lampp/htdocs/liuliu3/ThinkPHP/Lib/Template/ThinkTemplate.class.php 第 404 行.
NOTIC: [8192] preg_replace(): The /e modifier is deprecated, use preg_replace_callback instead /opt/lampp/htdocs/liuliu3/ThinkPHP/Lib/Template/ThinkTemplate.class.php 第 404 行.
NOTIC: [8192] preg_replace(): The /e modifier is deprecated, use preg_replace_callback instead /opt/lampp/htdocs/liuliu3/ThinkPHP/Lib/Template/ThinkTemplate.class.php 第 404 行.
NOTIC: [8192] preg_replace(): The /e modifier is deprecated, use preg_replace_callback instead /opt/lampp/htdocs/liuliu3/ThinkPHP/Lib/Template/ThinkTemplate.class.php 第 404 行.
NOTIC: [8192] preg_replace(): The /e modifier is deprecated, use preg_replace_callback instead /opt/lampp/htdocs/liuliu3/ThinkPHP/Lib/Template/ThinkTemplate.class.php 第 404 行.
NOTIC: [8192] preg_replace(): The /e modifier is deprecated, use preg_replace_callback instead /opt/lampp/htdocs/liuliu3/ThinkPHP/Lib/Template/ThinkTemplate.class.php 第 404 行.
NOTIC: [8192] preg_replace(): The /e modifier is deprecated, use preg_replace_callback instead /opt/lampp/htdocs/liuliu3/ThinkPHP/Lib/Template/ThinkTemplate.class.php 第 404 行.
NOTIC: [8192] preg_replace(): The /e modifier is deprecated, use preg_replace_callback instead /opt/lampp/htdocs/liuliu3/ThinkPHP/Lib/Template/ThinkTemplate.class.php 第 404 行.
NOTIC: [8192] preg_replace(): The /e modifier is deprecated, use preg_replace_callback instead /opt/lampp/htdocs/liuliu3/ThinkPHP/Lib/Template/ThinkTemplate.class.php 第 404 行.
NOTIC: [8192] preg_replace(): The /e modifier is deprecated, use preg_replace_callback instead /opt/lampp/htdocs/liuliu3/ThinkPHP/Lib/Template/ThinkTemplate.class.php 第 404 行.
NOTIC: [8192] preg_replace(): The /e modifier is deprecated, use preg_replace_callback instead /opt/lampp/htdocs/liuliu3/ThinkPHP/Lib/Template/ThinkTemplate.class.php 第 404 行.
NOTIC: [8192] preg_replace(): The /e modifier is deprecated, use preg_replace_callback instead /opt/lampp/htdocs/liuliu3/ThinkPHP/Lib/Template/ThinkTemplate.class.php 第 404 行.
NOTIC: [8192] preg_replace(): The /e modifier is deprecated, use preg_replace_callback instead /opt/lampp/htdocs/liuliu3/ThinkPHP/Lib/Template/ThinkTemplate.class.php 第 404 行.
NOTIC: [8192] preg_replace(): The /e modifier is deprecated, use preg_replace_callback instead /opt/lampp/htdocs/liuliu3/ThinkPHP/Lib/Template/ThinkTemplate.class.php 第 404 行.
NOTIC: [8192] preg_replace(): The /e modifier is deprecated, use preg_replace_callback instead /opt/lampp/htdocs/liuliu3/ThinkPHP/Lib/Template/ThinkTemplate.class.php 第 404 行.
NOTIC: [8192] preg_replace(): The /e modifier is deprecated, use preg_replace_callback instead /opt/lampp/htdocs/liuliu3/ThinkPHP/Lib/Template/ThinkTemplate.class.php 第 404 行.
NOTIC: [8192] preg_replace(): The /e modifier is deprecated, use preg_replace_callback instead /opt/lampp/htdocs/liuliu3/ThinkPHP/Lib/Template/ThinkTemplate.class.php 第 404 行.
NOTIC: [8192] preg_replace(): The /e modifier is deprecated, use preg_replace_callback instead /opt/lampp/htdocs/liuliu3/ThinkPHP/Lib/Template/ThinkTemplate.class.php 第 404 行.
NOTIC: [8192] preg_replace(): The /e modifier is deprecated, use preg_replace_callback instead /opt/lampp/htdocs/liuliu3/ThinkPHP/Lib/Template/ThinkTemplate.class.php 第 404 行.
NOTIC: [8192] preg_replace(): The /e modifier is deprecated, use preg_replace_callback instead /opt/lampp/htdocs/liuliu3/ThinkPHP/Lib/Template/ThinkTemplate.class.php 第 404 行.
NOTIC: [8192] preg_replace(): The /e modifier is deprecated, use preg_replace_callback instead /opt/lampp/htdocs/liuliu3/ThinkPHP/Lib/Template/ThinkTemplate.class.php 第 404 行.
NOTIC: [8192] preg_replace(): The /e modifier is deprecated, use preg_replace_callback instead /opt/lampp/htdocs/liuliu3/ThinkPHP/Lib/Template/ThinkTemplate.class.php 第 404 行.
NOTIC: [8192] preg_replace(): The /e modifier is deprecated, use preg_replace_callback instead /opt/lampp/htdocs/liuliu3/ThinkPHP/Lib/Template/ThinkTemplate.class.php 第 404 行.
NOTIC: [8192] preg_replace(): The /e modifier is deprecated, use preg_replace_callback instead /opt/lampp/htdocs/liuliu3/ThinkPHP/Lib/Template/ThinkTemplate.class.php 第 404 行.
NOTIC: [8192] preg_replace(): The /e modifier is deprecated, use preg_replace_callback instead /opt/lampp/htdocs/liuliu3/ThinkPHP/Lib/Template/ThinkTemplate.class.php 第 404 行.
NOTIC: [8192] preg_replace(): The /e modifier is deprecated, use preg_replace_callback instead /opt/lampp/htdocs/liuliu3/ThinkPHP/Lib/Template/ThinkTemplate.class.php 第 404 行.
NOTIC: [8192] preg_replace(): The /e modifier is deprecated, use preg_replace_callback instead /opt/lampp/htdocs/liuliu3/ThinkPHP/Lib/Template/ThinkTemplate.class.php 第 404 行.
NOTIC: [8192] preg_replace(): The /e modifier is deprecated, use preg_replace_callback instead /opt/lampp/htdocs/liuliu3/ThinkPHP/Lib/Template/ThinkTemplate.class.php 第 404 行.
NOTIC: [8192] preg_replace(): The /e modifier is deprecated, use preg_replace_callback instead /opt/lampp/htdocs/liuliu3/ThinkPHP/Lib/Template/ThinkTemplate.class.php 第 404 行.
NOTIC: [8192] preg_replace(): The /e modifier is deprecated, use preg_replace_callback instead /opt/lampp/htdocs/liuliu3/ThinkPHP/Lib/Template/ThinkTemplate.class.php 第 404 行.
NOTIC: [8192] preg_replace(): The /e modifier is deprecated, use preg_replace_callback instead /opt/lampp/htdocs/liuliu3/ThinkPHP/Lib/Template/ThinkTemplate.class.php 第 404 行.
NOTIC: [8192] preg_replace(): The /e modifier is deprecated, use preg_replace_callback instead /opt/lampp/htdocs/liuliu3/ThinkPHP/Lib/Template/ThinkTemplate.class.php 第 404 行.
NOTIC: [8192] preg_replace(): The /e modifier is deprecated, use preg_replace_callback instead /opt/lampp/htdocs/liuliu3/ThinkPHP/Lib/Template/ThinkTemplate.class.php 第 404 行.
NOTIC: [8192] preg_replace(): The /e modifier is deprecated, use preg_replace_callback instead /opt/lampp/htdocs/liuliu3/ThinkPHP/Lib/Template/ThinkTemplate.class.php 第 404 行.
NOTIC: [8192] preg_replace(): The /e modifier is deprecated, use preg_replace_callback instead /opt/lampp/htdocs/liuliu3/ThinkPHP/Lib/Template/ThinkTemplate.class.php 第 404 行.
NOTIC: [8192] preg_replace(): The /e modifier is deprecated, use preg_replace_callback instead /opt/lampp/htdocs/liuliu3/ThinkPHP/Lib/Template/ThinkTemplate.class.php 第 404 行.
NOTIC: [8192] preg_replace(): The /e modifier is deprecated, use preg_replace_callback instead /opt/lampp/htdocs/liuliu3/ThinkPHP/Lib/Template/ThinkTemplate.class.php 第 404 行.
NOTIC: [8192] preg_replace(): The /e modifier is deprecated, use preg_replace_callback instead /opt/lampp/htdocs/liuliu3/ThinkPHP/Lib/Template/ThinkTemplate.class.php 第 404 行.
NOTIC: [8192] preg_replace(): The /e modifier is deprecated, use preg_replace_callback instead /opt/lampp/htdocs/liuliu3/ThinkPHP/Lib/Template/ThinkTemplate.class.php 第 404 行.
NOTIC: [8192] preg_replace(): The /e modifier is deprecated, use preg_replace_callback instead /opt/lampp/htdocs/liuliu3/ThinkPHP/Lib/Template/ThinkTemplate.class.php 第 404 行.
NOTIC: [8192] preg_replace(): The /e modifier is deprecated, use preg_replace_callback instead /opt/lampp/htdocs/liuliu3/ThinkPHP/Lib/Template/ThinkTemplate.class.php 第 404 行.
NOTIC: [8192] preg_replace(): The /e modifier is deprecated, use preg_replace_callback instead /opt/lampp/htdocs/liuliu3/ThinkPHP/Lib/Template/ThinkTemplate.class.php 第 404 行.
NOTIC: [8192] preg_replace(): The /e modifier is deprecated, use preg_replace_callback instead /opt/lampp/htdocs/liuliu3/ThinkPHP/Lib/Template/ThinkTemplate.class.php 第 404 行.
NOTIC: [8192] preg_replace(): The /e modifier is deprecated, use preg_replace_callback instead /opt/lampp/htdocs/liuliu3/ThinkPHP/Lib/Template/ThinkTemplate.class.php 第 404 行.
NOTIC: [8192] preg_replace(): The /e modifier is deprecated, use preg_replace_callback instead /opt/lampp/htdocs/liuliu3/ThinkPHP/Lib/Template/ThinkTemplate.class.php 第 404 行.
NOTIC: [8192] preg_replace(): The /e modifier is deprecated, use preg_replace_callback instead /opt/lampp/htdocs/liuliu3/ThinkPHP/Lib/Template/ThinkTemplate.class.php 第 404 行.
NOTIC: [8192] preg_replace(): The /e modifier is deprecated, use preg_replace_callback instead /opt/lampp/htdocs/liuliu3/ThinkPHP/Lib/Template/ThinkTemplate.class.php 第 404 行.
NOTIC: [8192] preg_replace(): The /e modifier is deprecated, use preg_replace_callback instead /opt/lampp/htdocs/liuliu3/ThinkPHP/Lib/Template/ThinkTemplate.class.php 第 404 行.
NOTIC: [8192] preg_replace(): The /e modifier is deprecated, use preg_replace_callback instead /opt/lampp/htdocs/liuliu3/ThinkPHP/Lib/Template/ThinkTemplate.class.php 第 404 行.
NOTIC: [8192] preg_replace(): The /e modifier is deprecated, use preg_replace_callback instead /opt/lampp/htdocs/liuliu3/ThinkPHP/Lib/Template/ThinkTemplate.class.php 第 404 行.
NOTIC: [8192] preg_replace(): The /e modifier is deprecated, use preg_replace_callback instead /opt/lampp/htdocs/liuliu3/ThinkPHP/Lib/Template/ThinkTemplate.class.php 第 404 行.
NOTIC: [8192] preg_replace(): The /e modifier is deprecated, use preg_replace_callback instead /opt/lampp/htdocs/liuliu3/ThinkPHP/Lib/Template/ThinkTemplate.class.php 第 404 行.
NOTIC: [8192] preg_replace(): The /e modifier is deprecated, use preg_replace_callback instead /opt/lampp/htdocs/liuliu3/ThinkPHP/Lib/Template/ThinkTemplate.class.php 第 404 行.
NOTIC: [8192] preg_replace(): The /e modifier is deprecated, use preg_replace_callback instead /opt/lampp/htdocs/liuliu3/ThinkPHP/Lib/Template/ThinkTemplate.class.php 第 404 行.
NOTIC: [8192] preg_replace(): The /e modifier is deprecated, use preg_replace_callback instead /opt/lampp/htdocs/liuliu3/ThinkPHP/Lib/Template/ThinkTemplate.class.php 第 404 行.
NOTIC: [8192] preg_replace(): The /e modifier is deprecated, use preg_replace_callback instead /opt/lampp/htdocs/liuliu3/ThinkPHP/Lib/Template/ThinkTemplate.class.php 第 404 行.
NOTIC: [8192] preg_replace(): The /e modifier is deprecated, use preg_replace_callback instead /opt/lampp/htdocs/liuliu3/ThinkPHP/Lib/Template/ThinkTemplate.class.php 第 404 行.
NOTIC: [8192] preg_replace(): The /e modifier is deprecated, use preg_replace_callback instead /opt/lampp/htdocs/liuliu3/ThinkPHP/Lib/Template/ThinkTemplate.class.php 第 404 行.
NOTIC: [8192] preg_replace(): The /e modifier is deprecated, use preg_replace_callback instead /opt/lampp/htdocs/liuliu3/ThinkPHP/Lib/Template/ThinkTemplate.class.php 第 404 行.
NOTIC: [8192] preg_replace(): The /e modifier is deprecated, use preg_replace_callback instead /opt/lampp/htdocs/liuliu3/ThinkPHP/Lib/Template/ThinkTemplate.class.php 第 404 行.
NOTIC: [8192] preg_replace(): The /e modifier is deprecated, use preg_replace_callback instead /opt/lampp/htdocs/liuliu3/ThinkPHP/Lib/Template/ThinkTemplate.class.php 第 404 行.
NOTIC: [8192] preg_replace(): The /e modifier is deprecated, use preg_replace_callback instead /opt/lampp/htdocs/liuliu3/ThinkPHP/Lib/Template/ThinkTemplate.class.php 第 404 行.
NOTIC: [8192] preg_replace(): The /e modifier is deprecated, use preg_replace_callback instead /opt/lampp/htdocs/liuliu3/ThinkPHP/Lib/Template/ThinkTemplate.class.php 第 399 行.
NOTIC: [8192] preg_replace(): The /e modifier is deprecated, use preg_replace_callback instead /opt/lampp/htdocs/liuliu3/ThinkPHP/Lib/Template/ThinkTemplate.class.php 第 399 行.
NOTIC: [8192] preg_replace(): The /e modifier is deprecated, use preg_replace_callback instead /opt/lampp/htdocs/liuliu3/ThinkPHP/Lib/Template/ThinkTemplate.class.php 第 399 行.
NOTIC: [8192] preg_replace(): The /e modifier is deprecated, use preg_replace_callback instead /opt/lampp/htdocs/liuliu3/ThinkPHP/Lib/Template/ThinkTemplate.class.php 第 399 行.
NOTIC: [8192] preg_replace(): The /e modifier is deprecated, use preg_replace_callback instead /opt/lampp/htdocs/liuliu3/ThinkPHP/Lib/Template/ThinkTemplate.class.php 第 399 行.
NOTIC: [8192] preg_replace(): The /e modifier is deprecated, use preg_replace_callback instead /opt/lampp/htdocs/liuliu3/ThinkPHP/Lib/Template/ThinkTemplate.class.php 第 399 行.
NOTIC: [8192] preg_replace(): The /e modifier is deprecated, use preg_replace_callback instead /opt/lampp/htdocs/liuliu3/ThinkPHP/Lib/Template/ThinkTemplate.class.php 第 404 行.
NOTIC: [8192] preg_replace(): The /e modifier is deprecated, use preg_replace_callback instead /opt/lampp/htdocs/liuliu3/ThinkPHP/Lib/Template/ThinkTemplate.class.php 第 404 行.
NOTIC: [8192] preg_replace(): The /e modifier is deprecated, use preg_replace_callback instead /opt/lampp/htdocs/liuliu3/ThinkPHP/Lib/Template/ThinkTemplate.class.php 第 404 行.
NOTIC: [8192] preg_replace(): The /e modifier is deprecated, use preg_replace_callback instead /opt/lampp/htdocs/liuliu3/ThinkPHP/Lib/Template/ThinkTemplate.class.php 第 197 行.
NOTIC: [8192] preg_replace(): The /e modifier is deprecated, use preg_replace_callback instead /opt/lampp/htdocs/liuliu3/ThinkPHP/Lib/Template/ThinkTemplate.class.php 第 404 行.
NOTIC: [8192] preg_replace(): The /e modifier is deprecated, use preg_replace_callback instead /opt/lampp/htdocs/liuliu3/ThinkPHP/Lib/Template/ThinkTemplate.class.php 第 404 行.
NOTIC: [8192] preg_replace(): The /e modifier is deprecated, use preg_replace_callback instead /opt/lampp/htdocs/liuliu3/ThinkPHP/Lib/Template/ThinkTemplate.class.php 第 404 行.
NOTIC: [8192] preg_replace(): The /e modifier is deprecated, use preg_replace_callback instead /opt/lampp/htdocs/liuliu3/ThinkPHP/Lib/Template/ThinkTemplate.class.php 第 404 行.
NOTIC: [8192] preg_replace(): The /e modifier is deprecated, use preg_replace_callback instead /opt/lampp/htdocs/liuliu3/ThinkPHP/Lib/Template/ThinkTemplate.class.php 第 399 行.
NOTIC: [8192] preg_replace(): The /e modifier is deprecated, use preg_replace_callback instead /opt/lampp/htdocs/liuliu3/ThinkPHP/Lib/Template/ThinkTemplate.class.php 第 399 行.
NOTIC: [8192] preg_replace(): The /e modifier is deprecated, use preg_replace_callback instead /opt/lampp/htdocs/liuliu3/ThinkPHP/Lib/Template/ThinkTemplate.class.php 第 404 行.
NOTIC: [8192] preg_replace(): The /e modifier is deprecated, use preg_replace_callback instead /opt/lampp/htdocs/liuliu3/ThinkPHP/Lib/Template/ThinkTemplate.class.php 第 404 行.
NOTIC: [8192] preg_replace(): The /e modifier is deprecated, use preg_replace_callback instead /opt/lampp/htdocs/liuliu3/ThinkPHP/Lib/Template/ThinkTemplate.class.php 第 404 行.
NOTIC: [8192] preg_replace(): The /e modifier is deprecated, use preg_replace_callback instead /opt/lampp/htdocs/liuliu3/ThinkPHP/Lib/Template/ThinkTemplate.class.php 第 399 行.
NOTIC: [8192] preg_replace(): The /e modifier is deprecated, use preg_replace_callback instead /opt/lampp/htdocs/liuliu3/ThinkPHP/Lib/Template/ThinkTemplate.class.php 第 404 行.
NOTIC: [8192] preg_replace(): The /e modifier is deprecated, use preg_replace_callback instead /opt/lampp/htdocs/liuliu3/ThinkPHP/Lib/Template/ThinkTemplate.class.php 第 404 行.
NOTIC: [8192] preg_replace(): The /e modifier is deprecated, use preg_replace_callback instead /opt/lampp/htdocs/liuliu3/ThinkPHP/Lib/Template/ThinkTemplate.class.php 第 404 行.
NOTIC: [8192] preg_replace(): The /e modifier is deprecated, use preg_replace_callback instead /opt/lampp/htdocs/liuliu3/ThinkPHP/Lib/Template/ThinkTemplate.class.php 第 404 行.
NOTIC: [8192] preg_replace(): The /e modifier is deprecated, use preg_replace_callback instead /opt/lampp/htdocs/liuliu3/ThinkPHP/Lib/Template/ThinkTemplate.class.php 第 404 行.
NOTIC: [8192] preg_replace(): The /e modifier is deprecated, use preg_replace_callback instead /opt/lampp/htdocs/liuliu3/ThinkPHP/Lib/Template/ThinkTemplate.class.php 第 404 行.
NOTIC: [8192] preg_replace(): The /e modifier is deprecated, use preg_replace_callback instead /opt/lampp/htdocs/liuliu3/ThinkPHP/Lib/Template/ThinkTemplate.class.php 第 404 行.
NOTIC: [8192] preg_replace(): The /e modifier is deprecated, use preg_replace_callback instead /opt/lampp/htdocs/liuliu3/ThinkPHP/Lib/Template/ThinkTemplate.class.php 第 404 行.
NOTIC: [8192] preg_replace(): The /e modifier is deprecated, use preg_replace_callback instead /opt/lampp/htdocs/liuliu3/ThinkPHP/Lib/Template/ThinkTemplate.class.php 第 404 行.
NOTIC: [8192] preg_replace(): The /e modifier is deprecated, use preg_replace_callback instead /opt/lampp/htdocs/liuliu3/ThinkPHP/Lib/Template/ThinkTemplate.class.php 第 404 行.
NOTIC: [8192] preg_replace(): The /e modifier is deprecated, use preg_replace_callback instead /opt/lampp/htdocs/liuliu3/ThinkPHP/Lib/Template/ThinkTemplate.class.php 第 404 行.
NOTIC: [8192] preg_replace(): The /e modifier is deprecated, use preg_replace_callback instead /opt/lampp/htdocs/liuliu3/ThinkPHP/Lib/Template/ThinkTemplate.class.php 第 404 行.
NOTIC: [8192] preg_replace(): The /e modifier is deprecated, use preg_replace_callback instead /opt/lampp/htdocs/liuliu3/ThinkPHP/Lib/Template/ThinkTemplate.class.php 第 404 行.
NOTIC: [8192] preg_replace(): The /e modifier is deprecated, use preg_replace_callback instead /opt/lampp/htdocs/liuliu3/ThinkPHP/Lib/Template/ThinkTemplate.class.php 第 404 行.
NOTIC: [8192] preg_replace(): The /e modifier is deprecated, use preg_replace_callback instead /opt/lampp/htdocs/liuliu3/ThinkPHP/Lib/Template/ThinkTemplate.class.php 第 404 行.
NOTIC: [8192] preg_replace(): The /e modifier is deprecated, use preg_replace_callback instead /opt/lampp/htdocs/liuliu3/ThinkPHP/Lib/Template/ThinkTemplate.class.php 第 404 行.
NOTIC: [8192] preg_replace(): The /e modifier is deprecated, use preg_replace_callback instead /opt/lampp/htdocs/liuliu3/ThinkPHP/Lib/Template/ThinkTemplate.class.php 第 404 行.
NOTIC: [8192] preg_replace(): The /e modifier is deprecated, use preg_replace_callback instead /opt/lampp/htdocs/liuliu3/ThinkPHP/Lib/Template/ThinkTemplate.class.php 第 404 行.
NOTIC: [8192] preg_replace(): The /e modifier is deprecated, use preg_replace_callback instead /opt/lampp/htdocs/liuliu3/ThinkPHP/Lib/Template/ThinkTemplate.class.php 第 404 行.
NOTIC: [8192] preg_replace(): The /e modifier is deprecated, use preg_replace_callback instead /opt/lampp/htdocs/liuliu3/ThinkPHP/Lib/Template/ThinkTemplate.class.php 第 404 行.
NOTIC: [8192] preg_replace(): The /e modifier is deprecated, use preg_replace_callback instead /opt/lampp/htdocs/liuliu3/ThinkPHP/Lib/Template/ThinkTemplate.class.php 第 404 行.
NOTIC: [8192] preg_replace(): The /e modifier is deprecated, use preg_replace_callback instead /opt/lampp/htdocs/liuliu3/ThinkPHP/Lib/Template/ThinkTemplate.class.php 第 404 行.
NOTIC: [8192] preg_replace(): The /e modifier is deprecated, use preg_replace_callback instead /opt/lampp/htdocs/liuliu3/ThinkPHP/Lib/Template/ThinkTemplate.class.php 第 404 行.
NOTIC: [8192] preg_replace(): The /e modifier is deprecated, use preg_replace_callback instead /opt/lampp/htdocs/liuliu3/ThinkPHP/Lib/Template/ThinkTemplate.class.php 第 404 行.
NOTIC: [8192] preg_replace(): The /e modifier is deprecated, use preg_replace_callback instead /opt/lampp/htdocs/liuliu3/ThinkPHP/Lib/Template/ThinkTemplate.class.php 第 404 行.
NOTIC: [8192] preg_replace(): The /e modifier is deprecated, use preg_replace_callback instead /opt/lampp/htdocs/liuliu3/ThinkPHP/Lib/Template/ThinkTemplate.class.php 第 404 行.
NOTIC: [8192] preg_replace(): The /e modifier is deprecated, use preg_replace_callback instead /opt/lampp/htdocs/liuliu3/ThinkPHP/Lib/Template/ThinkTemplate.class.php 第 404 行.
NOTIC: [8192] preg_replace(): The /e modifier is deprecated, use preg_replace_callback instead /opt/lampp/htdocs/liuliu3/ThinkPHP/Lib/Template/ThinkTemplate.class.php 第 404 行.
NOTIC: [8192] preg_replace(): The /e modifier is deprecated, use preg_replace_callback instead /opt/lampp/htdocs/liuliu3/ThinkPHP/Lib/Template/ThinkTemplate.class.php 第 404 行.
NOTIC: [8192] preg_replace(): The /e modifier is deprecated, use preg_replace_callback instead /opt/lampp/htdocs/liuliu3/ThinkPHP/Lib/Template/ThinkTemplate.class.php 第 404 行.
NOTIC: [8192] preg_replace(): The /e modifier is deprecated, use preg_replace_callback instead /opt/lampp/htdocs/liuliu3/ThinkPHP/Lib/Template/ThinkTemplate.class.php 第 404 行.
NOTIC: [8192] preg_replace(): The /e modifier is deprecated, use preg_replace_callback instead /opt/lampp/htdocs/liuliu3/ThinkPHP/Lib/Template/ThinkTemplate.class.php 第 404 行.
NOTIC: [8192] preg_replace(): The /e modifier is deprecated, use preg_replace_callback instead /opt/lampp/htdocs/liuliu3/ThinkPHP/Lib/Template/ThinkTemplate.class.php 第 404 行.
NOTIC: [8192] preg_replace(): The /e modifier is deprecated, use preg_replace_callback instead /opt/lampp/htdocs/liuliu3/ThinkPHP/Lib/Template/ThinkTemplate.class.php 第 404 行.
NOTIC: [8192] preg_replace(): The /e modifier is deprecated, use preg_replace_callback instead /opt/lampp/htdocs/liuliu3/ThinkPHP/Lib/Template/ThinkTemplate.class.php 第 404 行.
NOTIC: [8192] preg_replace(): The /e modifier is deprecated, use preg_replace_callback instead /opt/lampp/htdocs/liuliu3/ThinkPHP/Lib/Template/ThinkTemplate.class.php 第 404 行.
NOTIC: [8192] preg_replace(): The /e modifier is deprecated, use preg_replace_callback instead /opt/lampp/htdocs/liuliu3/ThinkPHP/Lib/Template/ThinkTemplate.class.php 第 404 行.
NOTIC: [8192] preg_replace(): The /e modifier is deprecated, use preg_replace_callback instead /opt/lampp/htdocs/liuliu3/ThinkPHP/Lib/Template/ThinkTemplate.class.php 第 404 行.
NOTIC: [8192] preg_replace(): The /e modifier is deprecated, use preg_replace_callback instead /opt/lampp/htdocs/liuliu3/ThinkPHP/Lib/Template/ThinkTemplate.class.php 第 404 行.
NOTIC: [8192] preg_replace(): The /e modifier is deprecated, use preg_replace_callback instead /opt/lampp/htdocs/liuliu3/ThinkPHP/Lib/Template/ThinkTemplate.class.php 第 404 行.
NOTIC: [8192] preg_replace(): The /e modifier is deprecated, use preg_replace_callback instead /opt/lampp/htdocs/liuliu3/ThinkPHP/Lib/Template/ThinkTemplate.class.php 第 404 行.
NOTIC: [8192] preg_replace(): The /e modifier is deprecated, use preg_replace_callback instead /opt/lampp/htdocs/liuliu3/ThinkPHP/Lib/Template/ThinkTemplate.class.php 第 404 行.
NOTIC: [8192] preg_replace(): The /e modifier is deprecated, use preg_replace_callback instead /opt/lampp/htdocs/liuliu3/ThinkPHP/Lib/Template/ThinkTemplate.class.php 第 404 行.
NOTIC: [8192] preg_replace(): The /e modifier is deprecated, use preg_replace_callback instead /opt/lampp/htdocs/liuliu3/ThinkPHP/Lib/Template/ThinkTemplate.class.php 第 404 行.
NOTIC: [8192] preg_replace(): The /e modifier is deprecated, use preg_replace_callback instead /opt/lampp/htdocs/liuliu3/ThinkPHP/Lib/Template/ThinkTemplate.class.php 第 404 行.
NOTIC: [8192] preg_replace(): The /e modifier is deprecated, use preg_replace_callback instead /opt/lampp/htdocs/liuliu3/ThinkPHP/Lib/Template/ThinkTemplate.class.php 第 404 行.
NOTIC: [8192] preg_replace(): The /e modifier is deprecated, use preg_replace_callback instead /opt/lampp/htdocs/liuliu3/ThinkPHP/Lib/Template/ThinkTemplate.class.php 第 404 行.
NOTIC: [8192] preg_replace(): The /e modifier is deprecated, use preg_replace_callback instead /opt/lampp/htdocs/liuliu3/ThinkPHP/Lib/Template/ThinkTemplate.class.php 第 404 行.
NOTIC: [8192] preg_replace(): The /e modifier is deprecated, use preg_replace_callback instead /opt/lampp/htdocs/liuliu3/ThinkPHP/Lib/Template/ThinkTemplate.class.php 第 404 行.
NOTIC: [8192] preg_replace(): The /e modifier is deprecated, use preg_replace_callback instead /opt/lampp/htdocs/liuliu3/ThinkPHP/Lib/Template/ThinkTemplate.class.php 第 404 行.
NOTIC: [8192] preg_replace(): The /e modifier is deprecated, use preg_replace_callback instead /opt/lampp/htdocs/liuliu3/ThinkPHP/Lib/Template/ThinkTemplate.class.php 第 404 行.
NOTIC: [8192] preg_replace(): The /e modifier is deprecated, use preg_replace_callback instead /opt/lampp/htdocs/liuliu3/ThinkPHP/Lib/Template/ThinkTemplate.class.php 第 404 行.
NOTIC: [8192] preg_replace(): The /e modifier is deprecated, use preg_replace_callback instead /opt/lampp/htdocs/liuliu3/ThinkPHP/Lib/Template/ThinkTemplate.class.php 第 404 行.
NOTIC: [8192] preg_replace(): The /e modifier is deprecated, use preg_replace_callback instead /opt/lampp/htdocs/liuliu3/ThinkPHP/Lib/Template/ThinkTemplate.class.php 第 404 行.
NOTIC: [8192] preg_replace(): The /e modifier is deprecated, use preg_replace_callback instead /opt/lampp/htdocs/liuliu3/ThinkPHP/Lib/Template/ThinkTemplate.class.php 第 404 行.
NOTIC: [8192] preg_replace(): The /e modifier is deprecated, use preg_replace_callback instead /opt/lampp/htdocs/liuliu3/ThinkPHP/Lib/Template/ThinkTemplate.class.php 第 404 行.
NOTIC: [8192] preg_replace(): The /e modifier is deprecated, use preg_replace_callback instead /opt/lampp/htdocs/liuliu3/ThinkPHP/Lib/Template/ThinkTemplate.class.php 第 404 行.
NOTIC: [8192] preg_replace(): The /e modifier is deprecated, use preg_replace_callback instead /opt/lampp/htdocs/liuliu3/ThinkPHP/Lib/Template/ThinkTemplate.class.php 第 404 行.
NOTIC: [8192] preg_replace(): The /e modifier is deprecated, use preg_replace_callback instead /opt/lampp/htdocs/liuliu3/ThinkPHP/Lib/Template/ThinkTemplate.class.php 第 404 行.
NOTIC: [8192] preg_replace(): The /e modifier is deprecated, use preg_replace_callback instead /opt/lampp/htdocs/liuliu3/ThinkPHP/Lib/Template/ThinkTemplate.class.php 第 404 行.
NOTIC: [8192] preg_replace(): The /e modifier is deprecated, use preg_replace_callback instead /opt/lampp/htdocs/liuliu3/ThinkPHP/Lib/Template/ThinkTemplate.class.php 第 404 行.
NOTIC: [8192] preg_replace(): The /e modifier is deprecated, use preg_replace_callback instead /opt/lampp/htdocs/liuliu3/ThinkPHP/Lib/Template/ThinkTemplate.class.php 第 404 行.
NOTIC: [8192] preg_replace(): The /e modifier is deprecated, use preg_replace_callback instead /opt/lampp/htdocs/liuliu3/ThinkPHP/Lib/Template/ThinkTemplate.class.php 第 404 行.
NOTIC: [8192] preg_replace(): The /e modifier is deprecated, use preg_replace_callback instead /opt/lampp/htdocs/liuliu3/ThinkPHP/Lib/Template/ThinkTemplate.class.php 第 404 行.
NOTIC: [8192] preg_replace(): The /e modifier is deprecated, use preg_replace_callback instead /opt/lampp/htdocs/liuliu3/ThinkPHP/Lib/Template/ThinkTemplate.class.php 第 404 行.
NOTIC: [8192] preg_replace(): The /e modifier is deprecated, use preg_replace_callback instead /opt/lampp/htdocs/liuliu3/ThinkPHP/Lib/Template/ThinkTemplate.class.php 第 404 行.
NOTIC: [8192] preg_replace(): The /e modifier is deprecated, use preg_replace_callback instead /opt/lampp/htdocs/liuliu3/ThinkPHP/Lib/Template/ThinkTemplate.class.php 第 399 行.
NOTIC: [8192] preg_replace(): The /e modifier is deprecated, use preg_replace_callback instead /opt/lampp/htdocs/liuliu3/ThinkPHP/Lib/Template/ThinkTemplate.class.php 第 399 行.
NOTIC: [8192] preg_replace(): The /e modifier is deprecated, use preg_replace_callback instead /opt/lampp/htdocs/liuliu3/ThinkPHP/Lib/Template/ThinkTemplate.class.php 第 399 行.
NOTIC: [8192] preg_replace(): The /e modifier is deprecated, use preg_replace_callback instead /opt/lampp/htdocs/liuliu3/ThinkPHP/Lib/Template/ThinkTemplate.class.php 第 399 行.
NOTIC: [8192] preg_replace(): The /e modifier is deprecated, use preg_replace_callback instead /opt/lampp/htdocs/liuliu3/ThinkPHP/Lib/Template/ThinkTemplate.class.php 第 399 行.
NOTIC: [8192] preg_replace(): The /e modifier is deprecated, use preg_replace_callback instead /opt/lampp/htdocs/liuliu3/ThinkPHP/Lib/Template/ThinkTemplate.class.php 第 399 行.
NOTIC: [8192] preg_replace(): The /e modifier is deprecated, use preg_replace_callback instead /opt/lampp/htdocs/liuliu3/ThinkPHP/Lib/Template/ThinkTemplate.class.php 第 404 行.
NOTIC: [8192] preg_replace(): The /e modifier is deprecated, use preg_replace_callback instead /opt/lampp/htdocs/liuliu3/ThinkPHP/Lib/Template/ThinkTemplate.class.php 第 404 行.
NOTIC: [8192] preg_replace(): The /e modifier is deprecated, use preg_replace_callback instead /opt/lampp/htdocs/liuliu3/ThinkPHP/Lib/Template/ThinkTemplate.class.php 第 404 行.
NOTIC: [8192] preg_replace(): The /e modifier is deprecated, use preg_replace_callback instead /opt/lampp/htdocs/liuliu3/ThinkPHP/Lib/Template/ThinkTemplate.class.php 第 197 行.
NOTIC: [8192] preg_replace(): The /e modifier is deprecated, use preg_replace_callback instead /opt/lampp/htdocs/liuliu3/ThinkPHP/Lib/Template/ThinkTemplate.class.php 第 137 行.
NOTIC: [8] Undefined variable: nowtime /opt/lampp/htdocs/liuliu3/Home/Runtime/Cache/2046f4dd8979a9d15f51f12804246141.php 第 57 行.
NOTIC: [8] Undefined variable: nowtime /opt/lampp/htdocs/liuliu3/Home/Runtime/Cache/2046f4dd8979a9d15f51f12804246141.php 第 60 行.
NOTIC: [8] Undefined variable: unreadmessage /opt/lampp/htdocs/liuliu3/Home/Runtime/Cache/2046f4dd8979a9d15f51f12804246141.php 第 67 行.
NOTIC: [8] Undefined variable: unreadmessage /opt/lampp/htdocs/liuliu3/Home/Runtime/Cache/2046f4dd8979a9d15f51f12804246141.php 第 72 行.
NOTIC: [8] Undefined index: package_id /opt/lampp/htdocs/liuliu3/Home/Runtime/Cache/2046f4dd8979a9d15f51f12804246141.php 第 311 行.
NOTIC: [8] Undefined index: stop_number /opt/lampp/htdocs/liuliu3/Home/Runtime/Cache/2046f4dd8979a9d15f51f12804246141.php 第 329 行.
NOTIC: [8] Undefined offset: 1 /opt/lampp/htdocs/liuliu3/Home/Runtime/Cache/2046f4dd8979a9d15f51f12804246141.php 第 332 行.
NOTIC: [8] Undefined index: orderpackage_id /opt/lampp/htdocs/liuliu3/Home/Runtime/Cache/2046f4dd8979a9d15f51f12804246141.php 第 340 行.
NOTIC: [8] Undefined index: package_id /opt/lampp/htdocs/liuliu3/Home/Runtime/Cache/2046f4dd8979a9d15f51f12804246141.php 第 311 行.
NOTIC: [8] Undefined index: stop_number /opt/lampp/htdocs/liuliu3/Home/Runtime/Cache/2046f4dd8979a9d15f51f12804246141.php 第 329 行.
NOTIC: [8] Undefined index: orderpackage_id /opt/lampp/htdocs/liuliu3/Home/Runtime/Cache/2046f4dd8979a9d15f51f12804246141.php 第 340 行.
NOTIC: [8] Undefined index: package_id /opt/lampp/htdocs/liuliu3/Home/Runtime/Cache/2046f4dd8979a9d15f51f12804246141.php 第 311 行.
NOTIC: [8] Undefined index: stop_number /opt/lampp/htdocs/liuliu3/Home/Runtime/Cache/2046f4dd8979a9d15f51f12804246141.php 第 329 行.
NOTIC: [8] Undefined offset: 1 /opt/lampp/htdocs/liuliu3/Home/Runtime/Cache/2046f4dd8979a9d15f51f12804246141.php 第 332 行.
NOTIC: [8] Undefined index: orderpackage_id /opt/lampp/htdocs/liuliu3/Home/Runtime/Cache/2046f4dd8979a9d15f51f12804246141.php 第 340 行.
NOTIC: [8] Undefined variable: packageid /opt/lampp/htdocs/liuliu3/Home/Runtime/Cache/2046f4dd8979a9d15f51f12804246141.php 第 498 行.
NOTIC: [2] Invalid argument supplied for foreach() /opt/lampp/htdocs/liuliu3/Home/Runtime/Cache/2046f4dd8979a9d15f51f12804246141.php 第 498 行.
NOTIC: [8] Undefined variable: packageinfomation /opt/lampp/htdocs/liuliu3/Home/Runtime/Cache/2046f4dd8979a9d15f51f12804246141.php 第 555 行.
NOTIC: [2] Invalid argument supplied for foreach() /opt/lampp/htdocs/liuliu3/Home/Runtime/Cache/2046f4dd8979a9d15f51f12804246141.php 第 555 行.
INFO: Run ParseTemplate Behavior [ RunTime:0.026383s ]
INFO: [ view_parse ] --END-- [ RunTime:0.026433s ]
INFO: [ view_filter ] --START--
INFO: Run ContentReplace Behavior [ RunTime:0.000312s ]
INFO: Run TokenBuild Behavior [ RunTime:0.000211s ]
INFO: Run WriteHtmlCache Behavior [ RunTime:0.000111s ]
INFO: Run ShowRuntime Behavior [ RunTime:0.000269s ]
INFO: [ view_filter ] --END-- [ RunTime:0.001015s ]
INFO: [ view_end ] --START--
INFO: Run ShowPageTrace Behavior [ RunTime:0.000368s ]
INFO: [ view_end ] --END-- [ RunTime:0.000407s ]

[ 2017-03-01T23:15:30+08:00 ] ERR: (ThinkException) 无法加载模块:Root
[ 2017-03-01T23:15:36+08:00 ] 0.0.0.0 /liuliu3/app.php/OrderPackage/OrderPackageManage/type/delay
INFO: [ route_check ] --START--
INFO: Run CheckRoute Behavior [ RunTime:0.000523s ]
INFO: [ route_check ] --END-- [ RunTime:0.000594s ]
NOTIC: [8192] preg_replace(): The /e modifier is deprecated, use preg_replace_callback instead /opt/lampp/htdocs/liuliu3/ThinkPHP/Lib/Core/Dispatcher.class.php 第 120 行.
INFO: [ app_begin ] --START--
INFO: Run ReadHtmlCache Behavior [ RunTime:0.000332s ]
INFO: [ app_begin ] --END-- [ RunTime:0.000587s ]

[ 2017-03-01T23:16:39+08:00 ] 0.0.0.0 /liuliu3/app.php/OrderPackage/OrderPackageManage/type/delay
INFO: [ route_check ] --START--
INFO: Run CheckRoute Behavior [ RunTime:0.000533s ]
INFO: [ route_check ] --END-- [ RunTime:0.000619s ]
NOTIC: [8192] preg_replace(): The /e modifier is deprecated, use preg_replace_callback instead /opt/lampp/htdocs/liuliu3/ThinkPHP/Lib/Core/Dispatcher.class.php 第 120 行.
INFO: [ app_begin ] --START--
INFO: Run ReadHtmlCache Behavior [ RunTime:0.000333s ]
INFO: [ app_begin ] --END-- [ RunTime:0.000375s ]
NOTIC: [8] Undefined variable: postData /opt/lampp/htdocs/liuliu3/Home/Lib/Action/OrderPackage/OrderPackageBasicService.class.php 第 245 行.

[ 2017-03-01T23:17:37+08:00 ] 0.0.0.0 /liuliu3/app.php/OrderPackage/OrderPackageManage/type/delay
INFO: [ route_check ] --START--
INFO: Run CheckRoute Behavior [ RunTime:0.000605s ]
INFO: [ route_check ] --END-- [ RunTime:0.000758s ]
NOTIC: [8192] preg_replace(): The /e modifier is deprecated, use preg_replace_callback instead /opt/lampp/htdocs/liuliu3/ThinkPHP/Lib/Core/Dispatcher.class.php 第 120 行.
INFO: [ app_begin ] --START--
INFO: Run ReadHtmlCache Behavior [ RunTime:0.000314s ]
INFO: [ app_begin ] --END-- [ RunTime:0.000360s ]
NOTIC: [8] Undefined variable: dataData /opt/lampp/htdocs/liuliu3/Home/Lib/Action/OrderPackage/OrderPackageBasicService.class.php 第 246 行.
NOTIC: [8] Undefined variable: postData /opt/lampp/htdocs/liuliu3/Home/Lib/Action/OrderPackage/OrderPackageBasicService.class.php 第 247 行.

[ 2017-03-01T23:18:20+08:00 ] 0.0.0.0 /liuliu3/app.php/OrderPackage/OrderPackageManage/type/delay
INFO: [ route_check ] --START--
INFO: Run CheckRoute Behavior [ RunTime:0.000511s ]
INFO: [ route_check ] --END-- [ RunTime:0.000583s ]
NOTIC: [8192] preg_replace(): The /e modifier is deprecated, use preg_replace_callback instead /opt/lampp/htdocs/liuliu3/ThinkPHP/Lib/Core/Dispatcher.class.php 第 120 行.
INFO: [ app_begin ] --START--
INFO: Run ReadHtmlCache Behavior [ RunTime:0.000311s ]
INFO: [ app_begin ] --END-- [ RunTime:0.000353s ]
NOTIC: [8] Undefined variable: dataData /opt/lampp/htdocs/liuliu3/Home/Lib/Action/OrderPackage/OrderPackageBasicService.class.php 第 246 行.
NOTIC: [8] Undefined variable: postData /opt/lampp/htdocs/liuliu3/Home/Lib/Action/OrderPackage/OrderPackageBasicService.class.php 第 247 行.

[ 2017-03-01T23:18:43+08:00 ] 0.0.0.0 /liuliu3/app.php/OrderPackage/OrderPackageManage/type/delay
INFO: [ route_check ] --START--
INFO: Run CheckRoute Behavior [ RunTime:0.000518s ]
INFO: [ route_check ] --END-- [ RunTime:0.000597s ]
NOTIC: [8192] preg_replace(): The /e modifier is deprecated, use preg_replace_callback instead /opt/lampp/htdocs/liuliu3/ThinkPHP/Lib/Core/Dispatcher.class.php 第 120 行.
INFO: [ app_begin ] --START--
INFO: Run ReadHtmlCache Behavior [ RunTime:0.000387s ]
INFO: [ app_begin ] --END-- [ RunTime:0.000437s ]
NOTIC: [8] Undefined variable: dataData /opt/lampp/htdocs/liuliu3/Home/Lib/Action/OrderPackage/OrderPackageBasicService.class.php 第 246 行.
NOTIC: [8] Undefined variable: postData /opt/lampp/htdocs/liuliu3/Home/Lib/Action/OrderPackage/OrderPackageBasicService.class.php 第 247 行.

[ 2017-03-01T23:22:47+08:00 ] 0.0.0.0 /liuliu3/app.php/OrderPackage/OrderPackageManage/type/delay
INFO: [ route_check ] --START--
INFO: Run CheckRoute Behavior [ RunTime:0.000548s ]
INFO: [ route_check ] --END-- [ RunTime:0.000630s ]
NOTIC: [8192] preg_replace(): The /e modifier is deprecated, use preg_replace_callback instead /opt/lampp/htdocs/liuliu3/ThinkPHP/Lib/Core/Dispatcher.class.php 第 120 行.
INFO: [ app_begin ] --START--
INFO: Run ReadHtmlCache Behavior [ RunTime:0.000340s ]
INFO: [ app_begin ] --END-- [ RunTime:0.000388s ]
NOTIC: [8192] mysql_connect(): The mysql extension is deprecated and will be removed in the future: use mysqli or PDO instead /opt/lampp/htdocs/liuliu3/ThinkPHP/Lib/Driver/Db/DbMysql.class.php 第 55 行.
SQL: SHOW COLUMNS FROM `tp_orderpackage` [ RunTime:0.000915s ]
NOTIC: [8192] preg_replace(): The /e modifier is deprecated, use preg_replace_callback instead /opt/lampp/htdocs/liuliu3/ThinkPHP/Lib/Core/Db.class.php 第 568 行.
SQL: SELECT `endTime` FROM `tp_orderpackage` WHERE ( orderpackageID=1 and  isdelete=0  )  [ RunTime:0.000208s ]

[ 2017-03-01T23:23:53+08:00 ] 0.0.0.0 /liuliu3/app.php/OrderPackage/OrderPackageManage/type/delay
INFO: [ route_check ] --START--
INFO: Run CheckRoute Behavior [ RunTime:0.000828s ]
INFO: [ route_check ] --END-- [ RunTime:0.000909s ]
NOTIC: [8192] preg_replace(): The /e modifier is deprecated, use preg_replace_callback instead /opt/lampp/htdocs/liuliu3/ThinkPHP/Lib/Core/Dispatcher.class.php 第 120 行.
INFO: [ app_begin ] --START--
INFO: Run ReadHtmlCache Behavior [ RunTime:0.000357s ]
INFO: [ app_begin ] --END-- [ RunTime:0.000402s ]
NOTIC: [8192] mysql_connect(): The mysql extension is deprecated and will be removed in the future: use mysqli or PDO instead /opt/lampp/htdocs/liuliu3/ThinkPHP/Lib/Driver/Db/DbMysql.class.php 第 55 行.
SQL: SHOW COLUMNS FROM `tp_orderpackage` [ RunTime:0.001077s ]
NOTIC: [8192] preg_replace(): The /e modifier is deprecated, use preg_replace_callback instead /opt/lampp/htdocs/liuliu3/ThinkPHP/Lib/Core/Db.class.php 第 568 行.
SQL: SELECT `endTime` FROM `tp_orderpackage` WHERE ( orderpackageID=1 and  isdelete=0  )  [ RunTime:0.000226s ]

[ 2017-03-01T23:28:12+08:00 ] ERR: (ThinkException) 无法加载模块:Root
[ 2017-03-01T23:29:41+08:00 ] 0.0.0.0 /liuliu3/app.php/OrderPackage/OrderPackageManage/type/delay
INFO: [ route_check ] --START--
INFO: Run CheckRoute Behavior [ RunTime:0.000569s ]
INFO: [ route_check ] --END-- [ RunTime:0.000647s ]
NOTIC: [8192] preg_replace(): The /e modifier is deprecated, use preg_replace_callback instead /opt/lampp/htdocs/liuliu3/ThinkPHP/Lib/Core/Dispatcher.class.php 第 120 行.
INFO: [ app_begin ] --START--
INFO: Run ReadHtmlCache Behavior [ RunTime:0.000336s ]
INFO: [ app_begin ] --END-- [ RunTime:0.000379s ]
NOTIC: [8192] mysql_connect(): The mysql extension is deprecated and will be removed in the future: use mysqli or PDO instead /opt/lampp/htdocs/liuliu3/ThinkPHP/Lib/Driver/Db/DbMysql.class.php 第 55 行.
SQL: SHOW COLUMNS FROM `tp_orderpackage` [ RunTime:0.000957s ]
NOTIC: [8192] preg_replace(): The /e modifier is deprecated, use preg_replace_callback instead /opt/lampp/htdocs/liuliu3/ThinkPHP/Lib/Core/Db.class.php 第 568 行.
SQL: SELECT `endTime` FROM `tp_orderpackage` WHERE ( orderpackageID=1 and  isdelete=0  )  [ RunTime:0.000252s ]

[ 2017-03-01T23:32:44+08:00 ] 0.0.0.0 /liuliu3/app.php/OrderPackage/OrderPackageManage/type/delay
INFO: [ route_check ] --START--
INFO: Run CheckRoute Behavior [ RunTime:0.000510s ]
INFO: [ route_check ] --END-- [ RunTime:0.000579s ]
NOTIC: [8192] preg_replace(): The /e modifier is deprecated, use preg_replace_callback instead /opt/lampp/htdocs/liuliu3/ThinkPHP/Lib/Core/Dispatcher.class.php 第 120 行.
INFO: [ app_begin ] --START--
INFO: Run ReadHtmlCache Behavior [ RunTime:0.000347s ]
INFO: [ app_begin ] --END-- [ RunTime:0.000394s ]
NOTIC: [8192] mysql_connect(): The mysql extension is deprecated and will be removed in the future: use mysqli or PDO instead /opt/lampp/htdocs/liuliu3/ThinkPHP/Lib/Driver/Db/DbMysql.class.php 第 55 行.
SQL: SHOW COLUMNS FROM `tp_orderpackage` [ RunTime:0.001074s ]
NOTIC: [8192] preg_replace(): The /e modifier is deprecated, use preg_replace_callback instead /opt/lampp/htdocs/liuliu3/ThinkPHP/Lib/Core/Db.class.php 第 568 行.
SQL: SELECT `endTime` FROM `tp_orderpackage` WHERE ( orderpackageID=1 and  isdelete=0  )  [ RunTime:0.000225s ]
NOTIC: [8] Undefined variable: dateTime /opt/lampp/htdocs/liuliu3/Home/Lib/Action/OrderPackage/OrderPackageBasicService.class.php 第 265 行.

[ 2017-03-01T23:33:01+08:00 ] 0.0.0.0 /liuliu3/app.php/OrderPackage/OrderPackageManage/type/delay
INFO: [ route_check ] --START--
INFO: Run CheckRoute Behavior [ RunTime:0.000716s ]
INFO: [ route_check ] --END-- [ RunTime:0.000802s ]
NOTIC: [8192] preg_replace(): The /e modifier is deprecated, use preg_replace_callback instead /opt/lampp/htdocs/liuliu3/ThinkPHP/Lib/Core/Dispatcher.class.php 第 120 行.
INFO: [ app_begin ] --START--
INFO: Run ReadHtmlCache Behavior [ RunTime:0.000524s ]
INFO: [ app_begin ] --END-- [ RunTime:0.000572s ]
NOTIC: [8192] mysql_connect(): The mysql extension is deprecated and will be removed in the future: use mysqli or PDO instead /opt/lampp/htdocs/liuliu3/ThinkPHP/Lib/Driver/Db/DbMysql.class.php 第 55 行.
SQL: SHOW COLUMNS FROM `tp_orderpackage` [ RunTime:0.000932s ]
NOTIC: [8192] preg_replace(): The /e modifier is deprecated, use preg_replace_callback instead /opt/lampp/htdocs/liuliu3/ThinkPHP/Lib/Core/Db.class.php 第 568 行.
SQL: SELECT `endTime` FROM `tp_orderpackage` WHERE ( orderpackageID=1 and  isdelete=0  )  [ RunTime:0.000202s ]

[ 2017-03-01T23:33:27+08:00 ] 0.0.0.0 /liuliu3/app.php/OrderPackage/OrderPackageManage/type/delay
INFO: [ route_check ] --START--
INFO: Run CheckRoute Behavior [ RunTime:0.000530s ]
INFO: [ route_check ] --END-- [ RunTime:0.000604s ]
NOTIC: [8192] preg_replace(): The /e modifier is deprecated, use preg_replace_callback instead /opt/lampp/htdocs/liuliu3/ThinkPHP/Lib/Core/Dispatcher.class.php 第 120 行.
INFO: [ app_begin ] --START--
INFO: Run ReadHtmlCache Behavior [ RunTime:0.000330s ]
INFO: [ app_begin ] --END-- [ RunTime:0.000373s ]
NOTIC: [8192] mysql_connect(): The mysql extension is deprecated and will be removed in the future: use mysqli or PDO instead /opt/lampp/htdocs/liuliu3/ThinkPHP/Lib/Driver/Db/DbMysql.class.php 第 55 行.
SQL: SHOW COLUMNS FROM `tp_orderpackage` [ RunTime:0.001066s ]
NOTIC: [8192] preg_replace(): The /e modifier is deprecated, use preg_replace_callback instead /opt/lampp/htdocs/liuliu3/ThinkPHP/Lib/Core/Db.class.php 第 568 行.
SQL: SELECT `endTime` FROM `tp_orderpackage` WHERE ( orderpackageID=1 and  isdelete=0  )  [ RunTime:0.000219s ]

[ 2017-03-01T23:36:10+08:00 ] 0.0.0.0 /liuliu3/app.php/OrderPackage/OrderPackageManage/type/delay
INFO: [ route_check ] --START--
INFO: Run CheckRoute Behavior [ RunTime:0.000613s ]
INFO: [ route_check ] --END-- [ RunTime:0.000695s ]
NOTIC: [8192] preg_replace(): The /e modifier is deprecated, use preg_replace_callback instead /opt/lampp/htdocs/liuliu3/ThinkPHP/Lib/Core/Dispatcher.class.php 第 120 行.
INFO: [ app_begin ] --START--
INFO: Run ReadHtmlCache Behavior [ RunTime:0.000375s ]
INFO: [ app_begin ] --END-- [ RunTime:0.000425s ]
NOTIC: [8192] mysql_connect(): The mysql extension is deprecated and will be removed in the future: use mysqli or PDO instead /opt/lampp/htdocs/liuliu3/ThinkPHP/Lib/Driver/Db/DbMysql.class.php 第 55 行.
SQL: SHOW COLUMNS FROM `tp_orderpackage` [ RunTime:0.001016s ]
NOTIC: [8192] preg_replace(): The /e modifier is deprecated, use preg_replace_callback instead /opt/lampp/htdocs/liuliu3/ThinkPHP/Lib/Core/Db.class.php 第 568 行.
SQL: SELECT `endTime` FROM `tp_orderpackage` WHERE ( orderpackageID=1 and  isdelete=0  )  [ RunTime:0.000226s ]

